<?xml version="1.0" encoding="UTF-8"?>
<testng-results skipped="0" failed="0" ignored="0" total="1" passed="1">
  <reporter-output>
  </reporter-output>
  <suite name="Default suite" duration-ms="2591" started-at="2020-04-22T01:32:38 PDT" finished-at="2020-04-22T01:32:41 PDT">
    <groups>
    </groups>
    <test name="Default test" duration-ms="2591" started-at="2020-04-22T01:32:38 PDT" finished-at="2020-04-22T01:32:41 PDT">
      <class name="com.api.testrestapi.RestAPI">
        <test-method status="PASS" signature="setup()[pri:0, instance:com.api.testrestapi.RestAPI@6e0e048a]" name="setup" is-config="true" duration-ms="6" started-at="2020-04-22T01:32:38 PDT" finished-at="2020-04-22T01:32:38 PDT">
          <reporter-output>
          </reporter-output>
        </test-method> <!-- setup -->
        <test-method status="PASS" signature="getApiTest()[pri:0, instance:com.api.testrestapi.RestAPI@6e0e048a]" name="getApiTest" duration-ms="2529" started-at="2020-04-22T01:32:38 PDT" finished-at="2020-04-22T01:32:41 PDT">
          <reporter-output>
          </reporter-output>
        </test-method> <!-- getApiTest -->
      </class> <!-- com.api.testrestapi.RestAPI -->
    </test> <!-- Default test -->
  </suite> <!-- Default suite -->
</testng-results>
