<?xml version="1.0" encoding="UTF-8"?>
<testng-results skipped="0" failed="0" total="1" passed="1">
  <reporter-output>
  </reporter-output>
  <suite name="Default suite" duration-ms="3073" started-at="2020-04-22T16:07:38Z" finished-at="2020-04-22T16:07:41Z">
    <groups>
    </groups>
    <test name="Default test" duration-ms="3073" started-at="2020-04-22T16:07:38Z" finished-at="2020-04-22T16:07:41Z">
      <class name="com.api.PostAPiTest.PostApiTest">
        <test-method status="PASS" signature="setup()[pri:0, instance:com.api.PostAPiTest.PostApiTest@4d339552]" name="setup" is-config="true" duration-ms="6" started-at="2020-04-22T09:07:38Z" finished-at="2020-04-22T09:07:38Z">
          <reporter-output>
          </reporter-output>
        </test-method> <!-- setup -->
        <test-method status="PASS" signature="postApi()[pri:0, instance:com.api.PostAPiTest.PostApiTest@4d339552]" name="postApi" duration-ms="3049" started-at="2020-04-22T09:07:38Z" finished-at="2020-04-22T09:07:41Z">
          <reporter-output>
          </reporter-output>
        </test-method> <!-- postApi -->
      </class> <!-- com.api.PostAPiTest.PostApiTest -->
    </test> <!-- Default test -->
  </suite> <!-- Default suite -->
</testng-results>
